Run cargo test --workspace
  
 Downloading crates ...
  Downloaded getrandom v0.4.1
  Downloaded tempfile v3.25.0
  Downloaded fastrand v2.3.0
  Downloaded cfg-if v1.0.4
  Downloaded once_cell v1.21.3
   Compiling serde_core v1.0.228
   Compiling windows-link v0.2.1
   Compiling windows-sys v0.61.2
   Compiling equivalent v1.0.2
   Compiling hashbrown v0.16.1
   Compiling indexmap v2.13.0
   Compiling serde v1.0.228
   Compiling toml_write v0.1.2
   Compiling winnow v0.7.14
   Compiling toml_datetime v0.6.11
   Compiling serde_spanned v0.6.9
   Compiling thiserror v2.0.18
   Compiling zmij v1.0.21
   Compiling getrandom v0.4.1
   Compiling memchr v2.8.0
   Compiling toml_edit v0.22.27
   Compiling itoa v1.0.17
   Compiling serde_json v1.0.149
   Compiling toml v0.8.23
   Compiling cfg-if v1.0.4
   Compiling eden-skills-core v0.1.0 (D:\a\eden-skills\eden-skills\crates\eden-skills-core)
warning: unused variable: `metadata`
   --> crates\eden-skills-core\src\safety.rs:168:5
    |
168 |     metadata: &fs::Metadata,
    |     ^^^^^^^^ help: if this is intentional, prefix it with an underscore: `_metadata`
    |
    = note: `#[warn(unused_variables)]` (part of `#[warn(unused)]`) on by default
   Compiling fastrand v2.3.0
   Compiling once_cell v1.21.3
warning: `eden-skills-core` (lib) generated 1 warning (run `cargo fix --lib -p eden-skills-core` to apply 1 suggestion)
   Compiling once_cell_polyfill v1.70.2
   Compiling tempfile v3.25.0
   Compiling utf8parse v0.2.2
   Compiling anstyle v1.0.13
   Compiling anstyle-wincon v3.0.11
   Compiling anstyle-parse v0.2.7
   Compiling anstyle-query v1.1.5
   Compiling is_terminal_polyfill v1.70.2
   Compiling colorchoice v1.0.4
   Compiling clap_lex v1.0.0
   Compiling anstream v0.6.21
   Compiling strsim v0.11.1
   Compiling clap_builder v4.5.58
   Compiling clap v4.5.58
   Compiling eden-skills-cli v0.1.0 (D:\a\eden-skills\eden-skills\crates\eden-skills-cli)
warning: `eden-skills-core` (lib test) generated 1 warning (1 duplicate)
   Compiling eden-skills-indexer v0.1.0 (D:\a\eden-skills\eden-skills\crates\eden-skills-indexer)
    Finished `test` profile [unoptimized + debuginfo] target(s) in 35.77s
     Running unittests src\lib.rs (target\debug\deps\eden_skills_cli-f407f55ace820ec3.exe)
running 0 tests
test result: ok. 0 passed; 0 failed; 0 ignored; 0 measured; 0 filtered out; finished in 0.00s
     Running unittests src\main.rs (target\debug\deps\eden_skills-0501902eb01a6741.exe)
running 0 tests
test result: ok. 0 passed; 0 failed; 0 ignored; 0 measured; 0 filtered out; finished in 0.00s
     Running tests\apply_repair.rs (target\debug\deps\apply_repair-20c6ab8d364e501f.exe)
running 4 tests
test apply_fails_on_permission_denied_target_path ... ok
test apply_updates_misaligned_symlink_target ... ok
test fresh_and_repeated_apply_symlink ... ok
test repair_recovers_broken_symlink ... ok
test result: ok. 4 passed; 0 failed; 0 ignored; 0 measured; 0 filtered out; finished in 2.85s
     Running tests\config_export.rs (target\debug\deps\config_export-09e971ad7db6d611.exe)
running 2 tests
test config_export_json_wraps_toml_string ... ok
test config_export_emits_valid_toml_and_is_deterministic ... ok
test result: ok. 2 passed; 0 failed; 0 ignored; 0 measured; 0 filtered out; finished in 0.03s
     Running tests\config_import.rs (target\debug\deps\config_import-61da0c650227df4b.exe)
running 3 tests
test config_import_strict_rejects_unknown_top_level_keys ... ok
test config_import_dry_run_emits_toml_and_does_not_create_dest ... ok
test config_import_writes_normalized_toml_to_destination ... ok
test result: ok. 3 passed; 0 failed; 0 ignored; 0 measured; 0 filtered out; finished in 0.03s
     Running tests\config_lifecycle.rs (target\debug\deps\config_lifecycle-0f018f889b409405.exe)
running 5 tests
test add_fails_on_duplicate_id_and_does_not_modify_file ... ok
test add_appends_skill_and_writes_valid_toml ... ok
test set_requires_at_least_one_mutation_flag ... ok
test remove_deletes_only_matching_skill ... ok
test set_updates_only_targeted_fields_and_validates_before_write ... ok
test result: ok. 5 passed; 0 failed; 0 ignored; 0 measured; 0 filtered out; finished in 0.09s
     Running tests\doctor_copy.rs (target\debug\deps\doctor_copy-63bbbe19fe8305fa.exe)
running 2 tests
test copy_mode_plan_detects_source_change ... ok
test doctor_strict_detects_missing_source ... ok
test result: ok. 2 passed; 0 failed; 0 ignored; 0 measured; 0 filtered out; finished in 0.83s
     Running tests\doctor_json_contract.rs (target\debug\deps\doctor_json_contract-c6f3cec204824754.exe)
running 1 test
test doctor_json_has_required_schema ... ok
test result: ok. 1 passed; 0 failed; 0 ignored; 0 measured; 0 filtered out; finished in 0.33s
     Running tests\doctor_output.rs (target\debug\deps\doctor_output-d6e6124baad679f5.exe)
running 2 tests
test doctor_text_output_includes_code_severity_and_remediation ... ok
test doctor_json_output_includes_code_severity_and_remediation ... ok
test result: ok. 2 passed; 0 failed; 0 ignored; 0 measured; 0 filtered out; finished in 0.43s
     Running tests\doctor_strict_parity.rs (target\debug\deps\doctor_strict_parity-00d0e71d94bb1f7a.exe)
running 2 tests
test doctor_text_strict_and_non_strict_emit_equivalent_findings_payload ... ok
test doctor_json_strict_and_non_strict_emit_equivalent_payload_and_required_fields ... ok
test result: ok. 2 passed; 0 failed; 0 ignored; 0 measured; 0 filtered out; finished in 0.48s
     Running tests\exit_code_matrix.rs (target\debug\deps\exit_code_matrix-cbb1a088e4a3ffd9.exe)
running 11 tests
test apply_aggregates_multiskill_source_failures_in_config_order ... ok
test apply_returns_exit_code_1_on_runtime_git_failure ... ok
test apply_reports_skipped_source_sync_on_repeated_run ... ok
test apply_returns_exit_code_1_with_checkout_failure_diagnostics ... ok
test apply_returns_exit_code_1_with_fetch_failure_diagnostics ... ok
test apply_strict_conflict_takes_precedence_over_verify_failure ... ok
test apply_strict_returns_exit_code_3_on_target_conflict ... FAILED
test doctor_strict_returns_exit_code_3_on_conflict ... ok
test apply_strict_source_sync_failure_takes_precedence_over_conflict_exit_code ... ok
test repair_strict_conflict_takes_precedence_over_verify_failure ... ok
test repair_strict_source_sync_failure_takes_precedence_over_conflict_exit_code ... ok
failures:
---- apply_strict_returns_exit_code_3_on_target_conflict stdout ----
thread 'apply_strict_returns_exit_code_3_on_target_conflict' (5688) panicked at crates\eden-skills-cli\tests\exit_code_matrix.rs:524:46:
remove symlink target: Os { code: 5, kind: PermissionDenied, message: "Access is denied." }
note: run with `RUST_BACKTRACE=1` environment variable to display a backtrace
failures:
    apply_strict_returns_exit_code_3_on_target_conflict
test result: FAILED. 10 passed; 1 failed; 0 ignored; 0 measured; 0 filtered out; finished in 5.57s
error: test failed, to rerun pass `-p eden-skills-cli --test exit_code_matrix`
Error: Process completed with exit code 1.